[35m[1mScanning dependencies of target RoboticArm_ServoPublisher_node[0m
[ 50%] [32mBuilding CXX object CMakeFiles/RoboticArm_ServoPublisher_node.dir/src/main.cpp.o[0m
[01m[K/home/osboxes/Desktop/rp_workspace/ros_roboticarm/Ros_Code/src/RoboticArm_ServoPublisher/src/main.cpp:21:14:[m[K [01;31m[Kerror: [m[Kredefinition of â€˜[01m[Kconst double q3Min2[m[Kâ€™
   21 | const double [01;31m[Kq3Min2[m[K = 315;
      |              [01;31m[K^~~~~~[m[K
[01m[K/home/osboxes/Desktop/rp_workspace/ros_roboticarm/Ros_Code/src/RoboticArm_ServoPublisher/src/main.cpp:20:14:[m[K [01;36m[Knote: [m[Kâ€˜[01m[Kconst double q3Min2[m[Kâ€™ previously defined here
   20 | const double [01;36m[Kq3Min2[m[K = 349;
      |              [01;36m[K^~~~~~[m[K
[01m[K/home/osboxes/Desktop/rp_workspace/ros_roboticarm/Ros_Code/src/RoboticArm_ServoPublisher/src/main.cpp:[m[K In function â€˜[01m[Kvoid constrain1d(double&, double, double)[m[Kâ€™:
[01m[K/home/osboxes/Desktop/rp_workspace/ros_roboticarm/Ros_Code/src/RoboticArm_ServoPublisher/src/main.cpp:33:38:[m[K [01;31m[Kerror: [m[Kexpected â€˜[01m[K:[m[Kâ€™ before â€˜[01m[K;[m[Kâ€™ token
   33 |   angle = angle > maxangle ? maxangle[01;31m[K;[m[K
      |                                      [01;31m[K^[m[K
      |                                      [32m[K:[m[K
[01m[K/home/osboxes/Desktop/rp_workspace/ros_roboticarm/Ros_Code/src/RoboticArm_ServoPublisher/src/main.cpp:33:38:[m[K [01;31m[Kerror: [m[Kexpected primary-expression before â€˜[01m[K;[m[Kâ€™ token
[01m[K/home/osboxes/Desktop/rp_workspace/ros_roboticarm/Ros_Code/src/RoboticArm_ServoPublisher/src/main.cpp:34:38:[m[K [01;31m[Kerror: [m[Kexpected â€˜[01m[K:[m[Kâ€™ before â€˜[01m[K;[m[Kâ€™ token
   34 |   angle = angle < minangle ? minangle[01;31m[K;[m[K
      |                                      [01;31m[K^[m[K
      |                                      [32m[K:[m[K
[01m[K/home/osboxes/Desktop/rp_workspace/ros_roboticarm/Ros_Code/src/RoboticArm_ServoPublisher/src/main.cpp:34:38:[m[K [01;31m[Kerror: [m[Kexpected primary-expression before â€˜[01m[K;[m[Kâ€™ token
[01m[K/home/osboxes/Desktop/rp_workspace/ros_roboticarm/Ros_Code/src/RoboticArm_ServoPublisher/src/main.cpp:[m[K In function â€˜[01m[Kint main(int, char**)[m[Kâ€™:
[01m[K/home/osboxes/Desktop/rp_workspace/ros_roboticarm/Ros_Code/src/RoboticArm_ServoPublisher/src/main.cpp:67:11:[m[K [01;31m[Kerror: [m[Kâ€˜[01m[Kconstrain[m[Kâ€™ was not declared in this scope; did you mean â€˜[01m[Kconstrain1d[m[Kâ€™?
   67 |           [01;31m[Kconstrain[m[K(q1,q1Min,q1Max);
      |           [01;31m[K^~~~~~~~~[m[K
      |           [32m[Kconstrain1d[m[K
[01m[K/home/osboxes/Desktop/rp_workspace/ros_roboticarm/Ros_Code/src/RoboticArm_ServoPublisher/src/main.cpp:69:11:[m[K [01;31m[Kerror: [m[Kâ€˜[01m[Kconstrain[m[Kâ€™ was not declared in this scope; did you mean â€˜[01m[Kconstrain1d[m[Kâ€™?
   69 |           [01;31m[Kconstrain[m[K(q1,q1Min2,q1Max2);
      |           [01;31m[K^~~~~~~~~[m[K
      |           [32m[Kconstrain1d[m[K
[01m[K/home/osboxes/Desktop/rp_workspace/ros_roboticarm/Ros_Code/src/RoboticArm_ServoPublisher/src/main.cpp:80:9:[m[K [01;31m[Kerror: [m[Kâ€˜[01m[Kconstrain[m[Kâ€™ was not declared in this scope; did you mean â€˜[01m[Kconstrain1d[m[Kâ€™?
   80 |         [01;31m[Kconstrain[m[K(q2,q2Min,q2Max);
      |         [01;31m[K^~~~~~~~~[m[K
      |         [32m[Kconstrain1d[m[K
[01m[K/home/osboxes/Desktop/rp_workspace/ros_roboticarm/Ros_Code/src/RoboticArm_ServoPublisher/src/main.cpp:93:11:[m[K [01;31m[Kerror: [m[Kâ€˜[01m[Kconstrain[m[Kâ€™ was not declared in this scope; did you mean â€˜[01m[Kconstrain1d[m[Kâ€™?
   93 |           [01;31m[Kconstrain[m[K(q3,q3Min,q3Max);
      |           [01;31m[K^~~~~~~~~[m[K
      |           [32m[Kconstrain1d[m[K
[01m[K/home/osboxes/Desktop/rp_workspace/ros_roboticarm/Ros_Code/src/RoboticArm_ServoPublisher/src/main.cpp:94:40:[m[K [01;31m[Kerror: [m[Kâ€˜[01m[Kq3Max2[m[Kâ€™ was not declared in this scope; did you mean â€˜[01m[Kq3Max[m[Kâ€™?
   94 |         else if (q3 >= q3Min2 && q3 <= [01;31m[Kq3Max2[m[K)
      |                                        [01;31m[K^~~~~~[m[K
      |                                        [32m[Kq3Max[m[K
[01m[K/home/osboxes/Desktop/rp_workspace/ros_roboticarm/Ros_Code/src/RoboticArm_ServoPublisher/src/main.cpp:95:11:[m[K [01;31m[Kerror: [m[Kâ€˜[01m[Kconstrain[m[Kâ€™ was not declared in this scope; did you mean â€˜[01m[Kconstrain1d[m[Kâ€™?
   95 |           [01;31m[Kconstrain[m[K(q3,q3Min2,q3Max2);
      |           [01;31m[K^~~~~~~~~[m[K
      |           [32m[Kconstrain1d[m[K
[01m[K/home/osboxes/Desktop/rp_workspace/ros_roboticarm/Ros_Code/src/RoboticArm_ServoPublisher/src/main.cpp:107:9:[m[K [01;31m[Kerror: [m[Kâ€˜[01m[Kconstrain[m[Kâ€™ was not declared in this scope; did you mean â€˜[01m[Kconstrain1d[m[Kâ€™?
  107 |         [01;31m[Kconstrain[m[K(q4,q4Min,q4Max);
      |         [01;31m[K^~~~~~~~~[m[K
      |         [32m[Kconstrain1d[m[K
make[2]: *** [CMakeFiles/RoboticArm_ServoPublisher_node.dir/build.make:63: CMakeFiles/RoboticArm_ServoPublisher_node.dir/src/main.cpp.o] Error 1
make[1]: *** [CMakeFiles/Makefile2:185: CMakeFiles/RoboticArm_ServoPublisher_node.dir/all] Error 2
make: *** [Makefile:141: all] Error 2
