[35m[1mScanning dependencies of target RoboticArm_ServoPublisher_node[0m
[ 50%] [32mBuilding CXX object CMakeFiles/RoboticArm_ServoPublisher_node.dir/src/main.cpp.o[0m
[01m[K/home/osboxes/Desktop/rp_workspace/ros_roboticarm/Ros_Code/src/RoboticArm_ServoPublisher/src/main.cpp:[m[K In function â€˜[01m[Kint main(int, char**)[m[Kâ€™:
[01m[K/home/osboxes/Desktop/rp_workspace/ros_roboticarm/Ros_Code/src/RoboticArm_ServoPublisher/src/main.cpp:20:5:[m[K [01;31m[Kerror: [m[Kâ€˜[01m[Kcin[m[Kâ€™ was not declared in this scope; did you mean â€˜[01m[Kstd::cin[m[Kâ€™?
   20 |     [01;31m[Kcin[m[K >> servocmd;
      |     [01;31m[K^~~[m[K
      |     [32m[Kstd::cin[m[K
In file included from [01m[K/opt/ros/noetic/include/ros/time.h:54[m[K,
                 from [01m[K/opt/ros/noetic/include/ros/ros.h:38[m[K,
                 from [01m[K/home/osboxes/Desktop/rp_workspace/ros_roboticarm/Ros_Code/src/RoboticArm_ServoPublisher/src/main.cpp:2[m[K:
[01m[K/usr/include/c++/9/iostream:60:18:[m[K [01;36m[Knote: [m[Kâ€˜[01m[Kstd::cin[m[Kâ€™ declared here
   60 |   extern istream [01;36m[Kcin[m[K;  /// Linked to standard input
      |                  [01;36m[K^~~[m[K
[01m[K/home/osboxes/Desktop/rp_workspace/ros_roboticarm/Ros_Code/src/RoboticArm_ServoPublisher/src/main.cpp:38:9:[m[K [01;31m[Kerror: [m[Kâ€˜[01m[Kservo4pub[m[Kâ€™ was not declared in this scope; did you mean â€˜[01m[Kservo3pub[m[Kâ€™?
   38 |         [01;31m[Kservo4pub[m[K.publish(msg);
      |         [01;31m[K^~~~~~~~~[m[K
      |         [32m[Kservo3pub[m[K
make[2]: *** [CMakeFiles/RoboticArm_ServoPublisher_node.dir/build.make:63: CMakeFiles/RoboticArm_ServoPublisher_node.dir/src/main.cpp.o] Error 1
make[1]: *** [CMakeFiles/Makefile2:371: CMakeFiles/RoboticArm_ServoPublisher_node.dir/all] Error 2
make: *** [Makefile:141: all] Error 2
